This is pdfTeX, Version 3.14159265-2.6-1.40.16 (TeX Live 2015/Debian) (preloaded format=mptopdf 2017.10.29)  30 OCT 2017 01:26
 restricted \write18 enabled.
 %&-line parsing enabled.
**\relax fig1.mps
 (./fig1.mps{/var/lib/texmf/fonts/map/pdftex/updmap/pdftex.map})
[warning: the width is less than 1in] [warning: the height is less than 1in]
[1] 
Here is how much of TeX's memory you used:
 45 strings out of 496714
 394 string characters out of 6201184
 4015623 words of memory out of 9000830
 1695 multiletter control sequences out of 15000+600000
 865 words of font info for 3 fonts, out of 8000000 for 9000
 0 hyphenation exceptions out of 8191
 10i,3n,7p,110b,243s stack positions out of 5000i,500n,10000p,200000b,80000s
</usr/share/texlive/texmf-dist/fonts/type1/public/amsfonts/cm/cmr10.pfb></us
r/share/texlive/texmf-dist/fonts/type1/public/amsfonts/cm/cmr7.pfb></usr/share/
texlive/texmf-dist/fonts/type1/public/amsfonts/cm/cmsy10.pfb>
Output written on fig1.pdf (1 page, 24947 bytes).
PDF statistics:
 20 PDF objects out of 1000 (max. 8388607)
 0 named destinations out of 1000 (max. 500000)
 7 words of extra memory for PDF output out of 10000 (max. 10000000)

